<?xml version="1.0" encoding="UTF-8"?>
<!-- Generated by org.testng.reporters.JUnitXMLReporter -->
<testsuite ignored="0" hostname="DESKTOP-V3061FL" failures="1" tests="9" name="RegressionTest" time="376.298" errors="0" timestamp="2024-03-28T15:16:11 IST">
  <testcase classname="test.TC001_LoginTest" name="logintest" time="17.048"/>
  <testcase classname="test.TC001_LoginTest" name="logintest" time="18.412"/>
  <testcase classname="test.TC001_LoginTest" name="logintest" time="19.492"/>
  <testcase classname="test.TC001_LoginTest" name="logintest" time="32.358"/>
  <testcase classname="test.TC002_SignupPageTest" name="signup" time="13.147">
    <failure type="org.openqa.selenium.ElementClickInterceptedException" message="element click intercepted: Element &amp;lt;a href=&amp;quot;/identity/global/createAccount&amp;quot; data-track=&amp;quot;Notification:...&amp;quot;&amp;gt;Create Account&amp;lt;/a&amp;gt; is not clickable at point (971, 408). Other element would receive the click: &amp;lt;div id=&amp;quot;survey_blue_border&amp;quot; class=&amp;quot;modal-dialog modal-custom&amp;quot;&amp;gt;...&amp;lt;/div&amp;gt;
  (Session info: chrome=123.0.6312.86)
Build info: version: &amp;apos;4.17.0&amp;apos;, revision: &amp;apos;e52b1be057*&amp;apos;
System info: os.name: &amp;apos;Windows 10&amp;apos;, os.arch: &amp;apos;amd64&amp;apos;, os.version: &amp;apos;10.0&amp;apos;, java.version: &amp;apos;17.0.9&amp;apos;
Driver info: org.openqa.selenium.chrome.ChromeDriver
Command: [b65809d962c0f9992fb31caf3cdac315, clickElement {id=f.7DB1804BBA6EF3CCACC3FEC1834134EC.d.D53BB24E8C046B0D0338E785E64B1FCF.e.73}]
Capabilities {acceptInsecureCerts: false, browserName: chrome, browserVersion: 123.0.6312.86, chrome: {chromedriverVersion: 123.0.6312.86 (9b72c47a0536..., userDataDir: C:\Users\ANBURO~1\AppData\L...}, fedcm:accounts: true, goog:chromeOptions: {debuggerAddress: localhost:57746}, networkConnectionEnabled: false, pageLoadStrategy: normal, platformName: windows, proxy: Proxy(), se:cdp: ws://localhost:57746/devtoo..., se:cdpVersion: 123.0.6312.86, setWindowRect: true, strictFileInteractability: false, timeouts: {implicit: 0, pageLoad: 300000, script: 30000}, unhandledPromptBehavior: dismiss and notify, webauthn:extension:credBlob: true, webauthn:extension:largeBlob: true, webauthn:extension:minPinLength: true, webauthn:extension:prf: true, webauthn:virtualAuthenticators: true}
Element: [[ChromeDriver: chrome on windows (b65809d962c0f9992fb31caf3cdac315)] -&amp;gt; xpath: //a[text()=&amp;quot;Create Account&amp;quot;]]
Session ID: b65809d962c0f9992fb31caf3cdac315">
      <![CDATA[org.openqa.selenium.ElementClickInterceptedException: element click intercepted: Element <a href="/identity/global/createAccount" data-track="Notification:...">Create Account</a> is not clickable at point (971, 408). Other element would receive the click: <div id="survey_blue_border" class="modal-dialog modal-custom">...</div>
  (Session info: chrome=123.0.6312.86)
Build info: version: '4.17.0', revision: 'e52b1be057*'
System info: os.name: 'Windows 10', os.arch: 'amd64', os.version: '10.0', java.version: '17.0.9'
Driver info: org.openqa.selenium.chrome.ChromeDriver
Command: [b65809d962c0f9992fb31caf3cdac315, clickElement {id=f.7DB1804BBA6EF3CCACC3FEC1834134EC.d.D53BB24E8C046B0D0338E785E64B1FCF.e.73}]
Capabilities {acceptInsecureCerts: false, browserName: chrome, browserVersion: 123.0.6312.86, chrome: {chromedriverVersion: 123.0.6312.86 (9b72c47a0536..., userDataDir: C:\Users\ANBURO~1\AppData\L...}, fedcm:accounts: true, goog:chromeOptions: {debuggerAddress: localhost:57746}, networkConnectionEnabled: false, pageLoadStrategy: normal, platformName: windows, proxy: Proxy(), se:cdp: ws://localhost:57746/devtoo..., se:cdpVersion: 123.0.6312.86, setWindowRect: true, strictFileInteractability: false, timeouts: {implicit: 0, pageLoad: 300000, script: 30000}, unhandledPromptBehavior: dismiss and notify, webauthn:extension:credBlob: true, webauthn:extension:largeBlob: true, webauthn:extension:minPinLength: true, webauthn:extension:prf: true, webauthn:virtualAuthenticators: true}
Element: [[ChromeDriver: chrome on windows (b65809d962c0f9992fb31caf3cdac315)] -> xpath: //a[text()="Create Account"]]
Session ID: b65809d962c0f9992fb31caf3cdac315
at org.openqa.selenium.remote.codec.w3c.W3CHttpResponseCodec.createException(W3CHttpResponseCodec.java:185)
at org.openqa.selenium.remote.codec.w3c.W3CHttpResponseCodec.decode(W3CHttpResponseCodec.java:134)
at org.openqa.selenium.remote.codec.w3c.W3CHttpResponseCodec.decode(W3CHttpResponseCodec.java:51)
at org.openqa.selenium.remote.HttpCommandExecutor.execute(HttpCommandExecutor.java:190)
at org.openqa.selenium.remote.service.DriverCommandExecutor.invokeExecute(DriverCommandExecutor.java:216)
at org.openqa.selenium.remote.service.DriverCommandExecutor.execute(DriverCommandExecutor.java:174)
at org.openqa.selenium.remote.RemoteWebDriver.execute(RemoteWebDriver.java:519)
at org.openqa.selenium.remote.RemoteWebElement.execute(RemoteWebElement.java:223)
at org.openqa.selenium.remote.RemoteWebElement.click(RemoteWebElement.java:76)
at pages.Homepage.createAccountButton(Homepage.java:26)
at test.TC002_SignupPageTest.signup(TC002_SignupPageTest.java:26)
at java.base/java.util.ArrayList.forEach(ArrayList.java:1511)
... Removed 36 stack frames]]>
    </failure>
  </testcase> <!-- signup -->
  <testcase classname="test.TC002_SignupPageTest" name="signup" time="28.556"/>
  <testcase classname="test.TC002_SignupPageTest" name="signup" time="25.204"/>
  <testcase classname="test.TC002_SignupPageTest" name="signup" time="25.148"/>
  <testcase classname="test.TC003_BrokenURL" name="brokenURL" time="113.455"/>
</testsuite> <!-- RegressionTest -->
