<!DOCTYPE html PUBLIC "-//W3C//DTD XHTML 1.1//EN" "https://www.w3.org/TR/xhtml11/DTD/xhtml11.dtd">
<html xmlns="https://www.w3.org/1999/xhtml">
<head>
<meta http-equiv="content-type" content="text/html; charset=UTF-8"/>
<title>TestNG Report</title>
<style type="text/css">table {margin-bottom:10px;border-collapse:collapse;empty-cells:show}th,td {border:1px solid #009;padding:.25em .5em}th {vertical-align:bottom}td {vertical-align:top}table a {font-weight:bold}.stripe td {background-color: #E6EBF9}.num {text-align:right}.passedodd td {background-color: #3F3}.passedeven td {background-color: #0A0}.skippedodd td {background-color: #DDD}.skippedeven td {background-color: #CCC}.failedodd td,.attn {background-color: #F33}.failedeven td,.stripe .attn {background-color: #D00}.stacktrace {white-space:pre;font-family:monospace}.totop {font-size:85%;text-align:center;border-bottom:2px solid #000}.invisible {display:none}</style>
</head>
<body>
<table>
<tr><th>Test</th><th># Passed</th><th># Skipped</th><th># Retried</th><th># Failed</th><th>Time (ms)</th><th>Included Groups</th><th>Excluded Groups</th></tr>
<tr><th colspan="8">Suite</th></tr>
<tr><td><a href="#t0">RegressionTest</a></td><td class="num">8</td><td class="num">0</td><td class="num">0</td><td class="num attn">1</td><td class="num">376,298</td><td></td><td></td></tr>
<tr class="stripe"><td><a href="#t1">RegressionTest1</a></td><td class="num">2</td><td class="num">0</td><td class="num">0</td><td class="num attn">1</td><td class="num">198,158</td><td></td><td></td></tr>
<tr><th>Total</th><th class="num">10</th><th class="num">0</th><th class="num">0</th><th class="num attn">2</th><th class="num">574,456</th><th colspan="2"></th></tr>
</table>
<table id='summary'><thead><tr><th>Class</th><th>Method</th><th>Start</th><th>Time (ms)</th></tr></thead><tbody><tr><th colspan="4">Suite</th></tr></tbody><tbody id="t0"><tr><th colspan="4">RegressionTest &#8212; failed</th></tr><tr class="failedeven"><td rowspan="1">test.TC002_SignupPageTest</td><td><a href="#m0">signup</a></td><td rowspan="1">1711618920144</td><td rowspan="1">13147</td></tr><tr><th colspan="4">RegressionTest &#8212; passed</th></tr><tr class="passedeven"><td rowspan="4">test.TC001_LoginTest</td><td><a href="#m1">logintest</a></td><td rowspan="4">1711618852612</td><td rowspan="4">19492</td></tr><tr class="passedeven"><td><a href="#m2">logintest</a></td></tr><tr class="passedeven"><td><a href="#m3">logintest</a></td></tr><tr class="passedeven"><td><a href="#m4">logintest</a></td></tr><tr class="passedodd"><td rowspan="3">test.TC002_SignupPageTest</td><td><a href="#m5">signup</a></td><td rowspan="3">1711619023633</td><td rowspan="3">25148</td></tr><tr class="passedodd"><td><a href="#m6">signup</a></td></tr><tr class="passedodd"><td><a href="#m7">signup</a></td></tr><tr class="passedeven"><td rowspan="1">test.TC003_BrokenURL</td><td><a href="#m8">brokenURL</a></td><td rowspan="1">1711619055619</td><td rowspan="1">113455</td></tr></tbody>
<tbody id="t1"><tr><th colspan="4">RegressionTest1 &#8212; failed</th></tr><tr class="failedeven"><td rowspan="1">test.TC006_Cart</td><td><a href="#m9">cart</a></td><td rowspan="1">1711619319409</td><td rowspan="1">49772</td></tr><tr><th colspan="4">RegressionTest1 &#8212; passed</th></tr><tr class="passedeven"><td rowspan="1">test.TC004_TitleValidation</td><td><a href="#m10">titleValidation</a></td><td rowspan="1">1711619178384</td><td rowspan="1">83294</td></tr><tr class="passedodd"><td rowspan="1">test.TC005_BottomURLValidation</td><td><a href="#m11">bottomURL</a></td><td rowspan="1">1711619270577</td><td rowspan="1">40146</td></tr></tbody>
</table>
<h2>RegressionTest</h2><h3 id="m0">test.TC002_SignupPageTest#signup</h3><table class="result"><tr class="param"><th>Parameter #1</th><th>Parameter #2</th><th>Parameter #3</th><th>Parameter #4</th><th>Parameter #5</th><th>Parameter #6</th></tr><tr class="param stripe"><td>Anbu</td><td>Rose</td><td>anburose159@gmail.com</td><td>&amp;quot;Ten+one=11&amp;quot;</td><td>&amp;quot;Ten+one=11&amp;quot;</td><td>9043282956</td></tr><tr><th colspan="6">Exception</th></tr><tr><td colspan="6"><div class="stacktrace">org.openqa.selenium.ElementClickInterceptedException: element click intercepted: Element &lt;a href=&quot;/identity/global/createAccount&quot; data-track=&quot;Notification:...&quot;&gt;Create Account&lt;/a&gt; is not clickable at point (971, 408). Other element would receive the click: &lt;div id=&quot;survey_blue_border&quot; class=&quot;modal-dialog modal-custom&quot;&gt;...&lt;/div&gt;
  (Session info: chrome=123.0.6312.86)
Build info: version: &apos;4.17.0&apos;, revision: &apos;e52b1be057*&apos;
System info: os.name: &apos;Windows 10&apos;, os.arch: &apos;amd64&apos;, os.version: &apos;10.0&apos;, java.version: &apos;17.0.9&apos;
Driver info: org.openqa.selenium.chrome.ChromeDriver
Command: [b65809d962c0f9992fb31caf3cdac315, clickElement {id=f.7DB1804BBA6EF3CCACC3FEC1834134EC.d.D53BB24E8C046B0D0338E785E64B1FCF.e.73}]
Capabilities {acceptInsecureCerts: false, browserName: chrome, browserVersion: 123.0.6312.86, chrome: {chromedriverVersion: 123.0.6312.86 (9b72c47a0536..., userDataDir: C:\Users\ANBURO~1\AppData\L...}, fedcm:accounts: true, goog:chromeOptions: {debuggerAddress: localhost:57746}, networkConnectionEnabled: false, pageLoadStrategy: normal, platformName: windows, proxy: Proxy(), se:cdp: ws://localhost:57746/devtoo..., se:cdpVersion: 123.0.6312.86, setWindowRect: true, strictFileInteractability: false, timeouts: {implicit: 0, pageLoad: 300000, script: 30000}, unhandledPromptBehavior: dismiss and notify, webauthn:extension:credBlob: true, webauthn:extension:largeBlob: true, webauthn:extension:minPinLength: true, webauthn:extension:prf: true, webauthn:virtualAuthenticators: true}
Element: [[ChromeDriver: chrome on windows (b65809d962c0f9992fb31caf3cdac315)] -&gt; xpath: //a[text()=&quot;Create Account&quot;]]
Session ID: b65809d962c0f9992fb31caf3cdac315
	at org.openqa.selenium.remote.codec.w3c.W3CHttpResponseCodec.createException(W3CHttpResponseCodec.java:185)
	at org.openqa.selenium.remote.codec.w3c.W3CHttpResponseCodec.decode(W3CHttpResponseCodec.java:134)
	at org.openqa.selenium.remote.codec.w3c.W3CHttpResponseCodec.decode(W3CHttpResponseCodec.java:51)
	at org.openqa.selenium.remote.HttpCommandExecutor.execute(HttpCommandExecutor.java:190)
	at org.openqa.selenium.remote.service.DriverCommandExecutor.invokeExecute(DriverCommandExecutor.java:216)
	at org.openqa.selenium.remote.service.DriverCommandExecutor.execute(DriverCommandExecutor.java:174)
	at org.openqa.selenium.remote.RemoteWebDriver.execute(RemoteWebDriver.java:519)
	at org.openqa.selenium.remote.RemoteWebElement.execute(RemoteWebElement.java:223)
	at org.openqa.selenium.remote.RemoteWebElement.click(RemoteWebElement.java:76)
	at pages.Homepage.createAccountButton(Homepage.java:26)
	at test.TC002_SignupPageTest.signup(TC002_SignupPageTest.java:26)
	at java.base/java.util.ArrayList.forEach(ArrayList.java:1511)
... Removed 36 stack frames</div></td></tr></table><p class="totop"><a href="#summary">back to summary</a></p>
<h3 id="m1">test.TC001_LoginTest#logintest</h3><table class="result"><tr class="param"><th>Parameter #1</th><th>Parameter #2</th></tr><tr class="param stripe"><td>anburose159gmail.com</td><td>\&quot;Ten+one=11\&quot;</td></tr></table><p class="totop"><a href="#summary">back to summary</a></p>
<h3 id="m2">test.TC001_LoginTest#logintest</h3><table class="result"><tr class="param"><th>Parameter #1</th><th>Parameter #2</th></tr><tr class="param stripe"><td>anbu159@gmail.com</td><td>Ten+one=11</td></tr></table><p class="totop"><a href="#summary">back to summary</a></p>
<h3 id="m3">test.TC001_LoginTest#logintest</h3><table class="result"><tr class="param"><th>Parameter #1</th><th>Parameter #2</th></tr><tr class="param stripe"><td>anburose15@gmail.com</td><td>\&quot;Tenone=11\&quot;</td></tr></table><p class="totop"><a href="#summary">back to summary</a></p>
<h3 id="m4">test.TC001_LoginTest#logintest</h3><table class="result"><tr class="param"><th>Parameter #1</th><th>Parameter #2</th></tr><tr class="param stripe"><td>anburose159@gmail.com</td><td>\&quot;Ten+one=11\&quot;</td></tr></table><p class="totop"><a href="#summary">back to summary</a></p>
<h3 id="m5">test.TC002_SignupPageTest#signup</h3><table class="result"><tr class="param"><th>Parameter #1</th><th>Parameter #2</th><th>Parameter #3</th><th>Parameter #4</th><th>Parameter #5</th><th>Parameter #6</th></tr><tr class="param stripe"><td>Anbu</td><td>Rose</td><td>anbu159@gmail.com</td><td>&amp;quot;Ten+one=11&amp;quot;</td><td>&amp;quot;Ten+one=11&amp;quot;</td><td>`</td></tr></table><p class="totop"><a href="#summary">back to summary</a></p>
<h3 id="m6">test.TC002_SignupPageTest#signup</h3><table class="result"><tr class="param"><th>Parameter #1</th><th>Parameter #2</th><th>Parameter #3</th><th>Parameter #4</th><th>Parameter #5</th><th>Parameter #6</th></tr><tr class="param stripe"><td>Anbu</td><td>Rose</td><td>anburose159@gmail.com</td><td>&amp;quot;Ten+one=11&amp;quot;</td><td>&amp;quot;Ten+one=11&amp;quot;</td><td>9043282956</td></tr></table><p class="totop"><a href="#summary">back to summary</a></p>
<h3 id="m7">test.TC002_SignupPageTest#signup</h3><table class="result"><tr class="param"><th>Parameter #1</th><th>Parameter #2</th><th>Parameter #3</th><th>Parameter #4</th><th>Parameter #5</th><th>Parameter #6</th></tr><tr class="param stripe"><td>`</td><td>Rose</td><td>anburose159@gmail.com</td><td>&amp;quot;Ten+one=11&amp;quot;</td><td>`</td><td>9044282956</td></tr></table><p class="totop"><a href="#summary">back to summary</a></p>
<h3 id="m8">test.TC003_BrokenURL#brokenURL</h3><table class="result"><tr><th class="invisible"/></tr></table><p class="totop"><a href="#summary">back to summary</a></p>
<h2>RegressionTest1</h2><h3 id="m9">test.TC006_Cart#cart</h3><table class="result"><tr><th>Exception</th></tr><tr><td><div class="stacktrace">org.openqa.selenium.ElementClickInterceptedException: element click intercepted: Element &lt;a href=&quot;/site/refrigerators/french-door-refrigerators/abcat0901004.c?id=abcat0901004&quot; data-track=&quot;[context:widgetType=flex,linkContent=...,linkRegion=Body,linkPlacement=c2w1]&quot; class=&quot;flex-link&quot;&gt;French door refrigerators&lt;/a&gt; is not clickable at point (590, 567). Other element would receive the click: &lt;div id=&quot;survey_window&quot; class=&quot;modal fade modal-open in&quot; role=&quot;dialog&quot; style=&quot;margin-top: 170px; display: block;&quot;&gt;...&lt;/div&gt;
  (Session info: chrome=123.0.6312.86)
Build info: version: &apos;4.17.0&apos;, revision: &apos;e52b1be057*&apos;
System info: os.name: &apos;Windows 10&apos;, os.arch: &apos;amd64&apos;, os.version: &apos;10.0&apos;, java.version: &apos;17.0.9&apos;
Driver info: org.openqa.selenium.chrome.ChromeDriver
Command: [8ff67915be194b18b49a7b024aa066c3, clickElement {id=f.D0A9C9A2B9F2BC83BBCDA0D782C7F385.d.8446CA884BC4DD53CB3890823ED0C63C.e.419}]
Capabilities {acceptInsecureCerts: false, browserName: chrome, browserVersion: 123.0.6312.86, chrome: {chromedriverVersion: 123.0.6312.86 (9b72c47a0536..., userDataDir: C:\Users\ANBURO~1\AppData\L...}, fedcm:accounts: true, goog:chromeOptions: {debuggerAddress: localhost:59238}, networkConnectionEnabled: false, pageLoadStrategy: normal, platformName: windows, proxy: Proxy(), se:cdp: ws://localhost:59238/devtoo..., se:cdpVersion: 123.0.6312.86, setWindowRect: true, strictFileInteractability: false, timeouts: {implicit: 0, pageLoad: 300000, script: 30000}, unhandledPromptBehavior: dismiss and notify, webauthn:extension:credBlob: true, webauthn:extension:largeBlob: true, webauthn:extension:minPinLength: true, webauthn:extension:prf: true, webauthn:virtualAuthenticators: true}
Element: [[ChromeDriver: chrome on windows (8ff67915be194b18b49a7b024aa066c3)] -&gt; xpath: (//a[text()=&quot;French door refrigerators&quot;])[1]]
Session ID: 8ff67915be194b18b49a7b024aa066c3
	at org.openqa.selenium.remote.codec.w3c.W3CHttpResponseCodec.createException(W3CHttpResponseCodec.java:185)
	at org.openqa.selenium.remote.codec.w3c.W3CHttpResponseCodec.decode(W3CHttpResponseCodec.java:134)
	at org.openqa.selenium.remote.codec.w3c.W3CHttpResponseCodec.decode(W3CHttpResponseCodec.java:51)
	at org.openqa.selenium.remote.HttpCommandExecutor.execute(HttpCommandExecutor.java:190)
	at org.openqa.selenium.remote.service.DriverCommandExecutor.invokeExecute(DriverCommandExecutor.java:216)
	at org.openqa.selenium.remote.service.DriverCommandExecutor.execute(DriverCommandExecutor.java:174)
	at org.openqa.selenium.remote.RemoteWebDriver.execute(RemoteWebDriver.java:519)
	at org.openqa.selenium.remote.RemoteWebElement.execute(RemoteWebElement.java:223)
	at org.openqa.selenium.remote.RemoteWebElement.click(RemoteWebElement.java:76)
	at pages.RefrigeratorPage.refrigerator(RefrigeratorPage.java:14)
	at test.TC006_Cart.cart(TC006_Cart.java:18)
	at java.base/java.util.ArrayList.forEach(ArrayList.java:1511)
... Removed 36 stack frames</div></td></tr></table><p class="totop"><a href="#summary">back to summary</a></p>
<h3 id="m10">test.TC004_TitleValidation#titleValidation</h3><table class="result"><tr><th class="invisible"/></tr></table><p class="totop"><a href="#summary">back to summary</a></p>
<h3 id="m11">test.TC005_BottomURLValidation#bottomURL</h3><table class="result"><tr><th class="invisible"/></tr></table><p class="totop"><a href="#summary">back to summary</a></p>
</body>
</html>
